2024-06-19T19:00:06.690+02:00  INFO 6216 --- [main] com.example.ddmdemo.DdmdemoApplication   : Starting DdmdemoApplication using Java 17.0.3 with PID 6216 (C:\Users\Korisnik\Desktop\UDD\UDD\target\classes started by Korisnik in C:\Users\Korisnik\Desktop\UDD\UDD)
2024-06-19T19:00:06.719+02:00  INFO 6216 --- [main] com.example.ddmdemo.DdmdemoApplication   : No active profile set, falling back to 1 default profile: "default"
2024-06-19T19:00:09.485+02:00  INFO 6216 --- [main] .s.d.r.c.RepositoryConfigurationDelegate : Multiple Spring Data modules found, entering strict repository configuration mode
2024-06-19T19:00:09.488+02:00  INFO 6216 --- [main] .s.d.r.c.RepositoryConfigurationDelegate : Bootstrapping Spring Data Elasticsearch repositories in DEFAULT mode.
2024-06-19T19:00:09.508+02:00  INFO 6216 --- [main] .s.d.r.c.RepositoryConfigurationDelegate : Finished Spring Data repository scanning in 9 ms. Found 0 Elasticsearch repository interfaces.
2024-06-19T19:00:10.168+02:00  INFO 6216 --- [main] .s.d.r.c.RepositoryConfigurationDelegate : Multiple Spring Data modules found, entering strict repository configuration mode
2024-06-19T19:00:10.176+02:00  INFO 6216 --- [main] .s.d.r.c.RepositoryConfigurationDelegate : Bootstrapping Spring Data Elasticsearch repositories in DEFAULT mode.
2024-06-19T19:00:10.313+02:00  INFO 6216 --- [main] .RepositoryConfigurationExtensionSupport : Spring Data Elasticsearch - Could not safely identify store assignment for repository candidate interface com.example.ddmdemo.respository.DummyRepository; If you want this repository to be a Elasticsearch repository, consider annotating your entities with one of these annotations: org.springframework.data.elasticsearch.annotations.Document (preferred), or consider extending one of the following types with your repository: org.springframework.data.elasticsearch.repository.ElasticsearchRepository, org.springframework.data.elasticsearch.repository.ElasticsearchRepository
2024-06-19T19:00:10.365+02:00  INFO 6216 --- [main] .s.d.r.c.RepositoryConfigurationDelegate : Finished Spring Data repository scanning in 175 ms. Found 1 Elasticsearch repository interfaces.
2024-06-19T19:00:10.385+02:00  INFO 6216 --- [main] .s.d.r.c.RepositoryConfigurationDelegate : Multiple Spring Data modules found, entering strict repository configuration mode
2024-06-19T19:00:10.392+02:00  INFO 6216 --- [main] .s.d.r.c.RepositoryConfigurationDelegate : Bootstrapping Spring Data Reactive Elasticsearch repositories in DEFAULT mode.
2024-06-19T19:00:10.441+02:00  INFO 6216 --- [main] .RepositoryConfigurationExtensionSupport : Spring Data Reactive Elasticsearch - Could not safely identify store assignment for repository candidate interface com.example.ddmdemo.respository.DummyRepository; If you want this repository to be a Reactive Elasticsearch repository, consider annotating your entities with one of these annotations: org.springframework.data.elasticsearch.annotations.Document (preferred), or consider extending one of the following types with your repository: org.springframework.data.elasticsearch.repository.ReactiveElasticsearchRepository
2024-06-19T19:00:10.449+02:00  INFO 6216 --- [main] .s.d.r.c.RepositoryConfigurationDelegate : Finished Spring Data repository scanning in 50 ms. Found 0 Reactive Elasticsearch repository interfaces.
2024-06-19T19:00:10.484+02:00  INFO 6216 --- [main] .s.d.r.c.RepositoryConfigurationDelegate : Multiple Spring Data modules found, entering strict repository configuration mode
2024-06-19T19:00:10.493+02:00  INFO 6216 --- [main] .s.d.r.c.RepositoryConfigurationDelegate : Bootstrapping Spring Data JPA repositories in DEFAULT mode.
2024-06-19T19:00:10.580+02:00  INFO 6216 --- [main] .RepositoryConfigurationExtensionSupport : Spring Data JPA - Could not safely identify store assignment for repository candidate interface com.example.ddmdemo.indexrepository.DummyIndexRepository; If you want this repository to be a JPA repository, consider annotating your entities with one of these annotations: jakarta.persistence.Entity, jakarta.persistence.MappedSuperclass (preferred), or consider extending one of the following types with your repository: org.springframework.data.jpa.repository.JpaRepository
2024-06-19T19:00:10.628+02:00  INFO 6216 --- [main] .s.d.r.c.RepositoryConfigurationDelegate : Finished Spring Data repository scanning in 70 ms. Found 1 JPA repository interfaces.
2024-06-19T19:00:11.585+02:00  INFO 6216 --- [main] o.s.cloud.context.scope.GenericScope     : BeanFactory id=13dbfb28-4961-38ae-8716-2a2a21fbb846
2024-06-19T19:00:13.733+02:00  INFO 6216 --- [main] o.s.b.w.embedded.tomcat.TomcatWebServer  : Tomcat initialized with port(s): 8080 (http)
2024-06-19T19:00:13.769+02:00  INFO 6216 --- [main] o.apache.catalina.core.StandardService   : Starting service [Tomcat]
2024-06-19T19:00:13.771+02:00  INFO 6216 --- [main] o.apache.catalina.core.StandardEngine    : Starting Servlet engine: [Apache Tomcat/10.1.15]
2024-06-19T19:00:14.777+02:00  INFO 6216 --- [main] o.a.c.c.C.[Tomcat].[localhost].[/]       : Initializing Spring embedded WebApplicationContext
2024-06-19T19:00:14.778+02:00  INFO 6216 --- [main] w.s.c.ServletWebServerApplicationContext : Root WebApplicationContext: initialization completed in 7854 ms
2024-06-19T19:00:15.283+02:00  INFO 6216 --- [main] o.hibernate.jpa.internal.util.LogHelper  : HHH000204: Processing PersistenceUnitInfo [name: default]
2024-06-19T19:00:15.467+02:00  INFO 6216 --- [main] org.hibernate.Version                    : HHH000412: Hibernate ORM core version 6.2.13.Final
2024-06-19T19:00:15.481+02:00  INFO 6216 --- [main] org.hibernate.cfg.Environment            : HHH000406: Using bytecode reflection optimizer
2024-06-19T19:00:16.320+02:00  INFO 6216 --- [main] o.s.o.j.p.SpringPersistenceUnitInfo      : No LoadTimeWeaver setup: ignoring JPA class transformer
2024-06-19T19:00:16.412+02:00  INFO 6216 --- [main] com.zaxxer.hikari.HikariDataSource       : HikariPool-1 - Starting...
2024-06-19T19:00:17.042+02:00  INFO 6216 --- [main] com.zaxxer.hikari.pool.HikariPool        : HikariPool-1 - Added connection org.postgresql.jdbc.PgConnection@c6a692e
2024-06-19T19:00:17.048+02:00  INFO 6216 --- [main] com.zaxxer.hikari.HikariDataSource       : HikariPool-1 - Start completed.
2024-06-19T19:00:17.186+02:00  WARN 6216 --- [main] org.hibernate.orm.deprecation            : HHH90000025: PostgreSQLDialect does not need to be specified explicitly using 'hibernate.dialect' (remove the property setting and it will be selected by default)
2024-06-19T19:00:19.787+02:00  INFO 6216 --- [main] o.h.e.t.j.p.i.JtaPlatformInitiator       : HHH000489: No JTA platform available (set 'hibernate.transaction.jta.platform' to enable JTA platform integration)
2024-06-19T19:00:19.941+02:00  INFO 6216 --- [main] j.LocalContainerEntityManagerFactoryBean : Initialized JPA EntityManagerFactory for persistence unit 'default'
2024-06-19T19:00:25.112+02:00  INFO 6216 --- [main] o.s.b.a.w.s.WelcomePageHandlerMapping    : Adding welcome page: class path resource [static/index.html]
2024-06-19T19:00:25.793+02:00  INFO 6216 --- [main] o.s.b.w.embedded.tomcat.TomcatWebServer  : Tomcat started on port(s): 8080 (http) with context path ''
2024-06-19T19:00:25.969+02:00  INFO 6216 --- [main] com.example.ddmdemo.DdmdemoApplication   : Started DdmdemoApplication in 21.497 seconds (process running for 23.194)
